0 info it worked if it ends with ok
1 verbose cli [ '/usr/local/bin/node', '/usr/bin/npm', 'run', 'build' ]
2 info using npm@3.10.10
3 info using node@v10.8.0
4 verbose run-script [ 'prebuild', 'build', 'postbuild' ]
5 info lifecycle modern_portfolio@1.0.0~prebuild: modern_portfolio@1.0.0
6 silly lifecycle modern_portfolio@1.0.0~prebuild: no script for prebuild, continuing
7 info lifecycle modern_portfolio@1.0.0~build: modern_portfolio@1.0.0
8 verbose lifecycle modern_portfolio@1.0.0~build: unsafe-perm in lifecycle true
9 verbose lifecycle modern_portfolio@1.0.0~build: PATH: /usr/lib/node_modules/npm/bin/node-gyp-bin:/var/www/Fariha/fariha_portfolio/node_modules/.bin:/home/saravana/bin:/home/saravana/.local/bin:/usr/local/sbin:/usr/local/bin:/usr/sbin:/usr/bin:/sbin:/bin:/usr/games:/usr/local/games:/snap/bin:/home/saravana/Android/Sdk/tools:/home/saravana/Android/Sdk/platform-tools
10 verbose lifecycle modern_portfolio@1.0.0~build: CWD: /var/www/Fariha/fariha_portfolio
11 silly lifecycle modern_portfolio@1.0.0~build: Args: [ '-c', 'react-scripts build' ]
12 info lifecycle modern_portfolio@1.0.0~build: Failed to exec build script
13 verbose stack Error: modern_portfolio@1.0.0 build: `react-scripts build`
13 verbose stack spawn ENOENT
13 verbose stack     at ChildProcess.<anonymous> (/usr/lib/node_modules/npm/lib/utils/spawn.js:33:16)
13 verbose stack     at ChildProcess.emit (events.js:182:13)
13 verbose stack     at maybeClose (internal/child_process.js:962:16)
13 verbose stack     at Process.ChildProcess._handle.onexit (internal/child_process.js:249:5)
14 verbose pkgid modern_portfolio@1.0.0
15 verbose cwd /var/www/Fariha/fariha_portfolio
16 error Linux 4.15.0-29-generic
17 error argv "/usr/local/bin/node" "/usr/bin/npm" "run" "build"
18 error node v10.8.0
19 error npm  v3.10.10
20 error file sh
21 error code ELIFECYCLE
22 error errno ENOENT
23 error syscall spawn
24 error modern_portfolio@1.0.0 build: `react-scripts build`
24 error spawn ENOENT
25 error Failed at the modern_portfolio@1.0.0 build script 'react-scripts build'.
25 error Make sure you have the latest version of node.js and npm installed.
25 error If you do, this is most likely a problem with the modern_portfolio package,
25 error not with npm itself.
25 error Tell the author that this fails on your system:
25 error     react-scripts build
25 error You can get information on how to open an issue for this project with:
25 error     npm bugs modern_portfolio
25 error Or if that isn't available, you can get their info via:
25 error     npm owner ls modern_portfolio
25 error There is likely additional logging output above.
26 verbose exit [ 1, true ]
